Flow report for projeto_alf
Sun Sep 10 18:02:48 2023
Quartus Prime Version 17.1.0 Build 590 10/25/2017 SJ Lite Edition


---------------------
; Table of Contents ;
---------------------
  1. Legal Notice
  2. Flow Summary
  3. Flow Settings
  4. Flow Non-Default Global Settings
  5. Flow Elapsed Time
  6. Flow OS Summary
  7. Flow Log
  8. Flow Messages
  9. Flow Suppressed Messages



----------------
; Legal Notice ;
----------------
Copyright (C) 2017  Intel Corporation. All rights reserved.
Your use of Intel Corporation's design tools, logic functions 
and other software and tools, and its AMPP partner logic 
functions, and any output files from any of the foregoing 
(including device programming or simulation files), and any 
associated documentation or information are expressly subject 
to the terms and conditions of the Intel Program License 
Subscription Agreement, the Intel Quartus Prime License Agreement,
the Intel FPGA IP License Agreement, or other applicable license
agreement, including, without limitation, that your use is for
the sole purpose of programming logic devices manufactured by
Intel and sold by Intel or its authorized distributors.  Please
refer to the applicable agreement for further details.



+----------------------------------------------------------------------------------+
; Flow Summary                                                                     ;
+------------------------------------+---------------------------------------------+
; Flow Status                        ; Successful - Sun Sep 10 18:02:48 2023       ;
; Quartus Prime Version              ; 17.1.0 Build 590 10/25/2017 SJ Lite Edition ;
; Revision Name                      ; projeto_alf                                 ;
; Top-level Entity Name              ; seven_segment_display                       ;
; Family                             ; Cyclone IV E                                ;
; Device                             ; EP4CE115F29C7                               ;
; Timing Models                      ; Final                                       ;
; Total logic elements               ; 6 / 114,480 ( < 1 % )                       ;
;     Total combinational functions  ; 6 / 114,480 ( < 1 % )                       ;
;     Dedicated logic registers      ; 0 / 114,480 ( 0 % )                         ;
; Total registers                    ; 0                                           ;
; Total pins                         ; 27 / 529 ( 5 % )                            ;
; Total virtual pins                 ; 0                                           ;
; Total memory bits                  ; 0 / 3,981,312 ( 0 % )                       ;
; Embedded Multiplier 9-bit elements ; 0 / 532 ( 0 % )                             ;
; Total PLLs                         ; 0 / 4 ( 0 % )                               ;
+------------------------------------+---------------------------------------------+


+-----------------------------------------+
; Flow Settings                           ;
+-------------------+---------------------+
; Option            ; Setting             ;
+-------------------+---------------------+
; Start date & time ; 09/10/2023 17:47:16 ;
; Main task         ; Compilation         ;
; Revision Name     ; projeto_alf         ;
+-------------------+---------------------+


+-----------------------------------------------------------------------------------------------------------------------------------+
; Flow Non-Default Global Settings                                                                                                  ;
+-------------------------------------+----------------------------------------+---------------+-----------------------+------------+
; Assignment Name                     ; Value                                  ; Default Value ; Entity Name           ; Section Id ;
+-------------------------------------+----------------------------------------+---------------+-----------------------+------------+
; COMPILER_SIGNATURE_ID               ; 220308904318664.169437883629248        ; --            ; --                    ; --         ;
; MAX_CORE_JUNCTION_TEMP              ; 85                                     ; --            ; --                    ; --         ;
; MIN_CORE_JUNCTION_TEMP              ; 0                                      ; --            ; --                    ; --         ;
; OUTPUT_IO_TIMING_FAR_END_VMEAS      ; Half Signal Swing                      ; --            ; --                    ; --         ;
; OUTPUT_IO_TIMING_FAR_END_VMEAS      ; Half Signal Swing                      ; --            ; --                    ; --         ;
; OUTPUT_IO_TIMING_NEAR_END_VMEAS     ; Half Vccio                             ; --            ; --                    ; --         ;
; OUTPUT_IO_TIMING_NEAR_END_VMEAS     ; Half Vccio                             ; --            ; --                    ; --         ;
; PARTITION_COLOR                     ; -- (Not supported for targeted family) ; --            ; seven_segment_display ; Top        ;
; PARTITION_FITTER_PRESERVATION_LEVEL ; -- (Not supported for targeted family) ; --            ; seven_segment_display ; Top        ;
; PARTITION_NETLIST_TYPE              ; -- (Not supported for targeted family) ; --            ; seven_segment_display ; Top        ;
; POWER_BOARD_THERMAL_MODEL           ; None (CONSERVATIVE)                    ; --            ; --                    ; --         ;
; POWER_PRESET_COOLING_SOLUTION       ; 23 MM HEAT SINK WITH 200 LFPM AIRFLOW  ; --            ; --                    ; --         ;
; PROJECT_OUTPUT_DIRECTORY            ; output_files                           ; --            ; --                    ; --         ;
; TOP_LEVEL_ENTITY                    ; seven_segment_display                  ; projeto_alf   ; --                    ; --         ;
+-------------------------------------+----------------------------------------+---------------+-----------------------+------------+


+-------------------------------------------------------------------------------------------------------------------------------+
; Flow Elapsed Time                                                                                                             ;
+---------------------------+--------------+-------------------------+---------------------+------------------------------------+
; Module Name               ; Elapsed Time ; Average Processors Used ; Peak Virtual Memory ; Total CPU Time (on all processors) ;
+---------------------------+--------------+-------------------------+---------------------+------------------------------------+
; Analysis & Synthesis      ; 00:00:09     ; 1.0                     ; 4753 MB             ; 00:00:06                           ;
; Fitter                    ; 00:00:07     ; 1.0                     ; 5686 MB             ; 00:00:07                           ;
; Assembler                 ; 00:00:02     ; 1.0                     ; 4680 MB             ; 00:00:02                           ;
; TimeQuest Timing Analyzer ; 00:00:02     ; 1.0                     ; 4837 MB             ; 00:00:01                           ;
; EDA Netlist Writer        ; 00:00:00     ; 1.0                     ; 4629 MB             ; 00:00:00                           ;
; EDA Netlist Writer        ; 00:00:00     ; 1.0                     ; 4638 MB             ; 00:00:00                           ;
; EDA Netlist Writer        ; 00:00:00     ; 1.0                     ; 4629 MB             ; 00:00:00                           ;
; EDA Netlist Writer        ; 00:00:00     ; 1.0                     ; 4638 MB             ; 00:00:00                           ;
; EDA Netlist Writer        ; 00:00:01     ; 1.0                     ; 4629 MB             ; 00:00:00                           ;
; EDA Netlist Writer        ; 00:00:01     ; 1.0                     ; 4638 MB             ; 00:00:00                           ;
; Total                     ; 00:00:22     ; --                      ; --                  ; 00:00:16                           ;
+---------------------------+--------------+-------------------------+---------------------+------------------------------------+


+-----------------------------------------------------------------------------------------+
; Flow OS Summary                                                                         ;
+---------------------------+------------------+------------+------------+----------------+
; Module Name               ; Machine Hostname ; OS Name    ; OS Version ; Processor type ;
+---------------------------+------------------+------------+------------+----------------+
; Analysis & Synthesis      ; Robert           ; Windows 10 ; 10.0       ; x86_64         ;
; Fitter                    ; Robert           ; Windows 10 ; 10.0       ; x86_64         ;
; Assembler                 ; Robert           ; Windows 10 ; 10.0       ; x86_64         ;
; TimeQuest Timing Analyzer ; Robert           ; Windows 10 ; 10.0       ; x86_64         ;
; EDA Netlist Writer        ; Robert           ; Windows 10 ; 10.0       ; x86_64         ;
; EDA Netlist Writer        ; Robert           ; Windows 10 ; 10.0       ; x86_64         ;
; EDA Netlist Writer        ; Robert           ; Windows 10 ; 10.0       ; x86_64         ;
; EDA Netlist Writer        ; Robert           ; Windows 10 ; 10.0       ; x86_64         ;
; EDA Netlist Writer        ; Robert           ; Windows 10 ; 10.0       ; x86_64         ;
; EDA Netlist Writer        ; Robert           ; Windows 10 ; 10.0       ; x86_64         ;
+---------------------------+------------------+------------+------------+----------------+


------------
; Flow Log ;
------------
quartus_map --read_settings_files=on --write_settings_files=off projeto_alf -c projeto_alf
quartus_fit --read_settings_files=off --write_settings_files=off projeto_alf -c projeto_alf
quartus_asm --read_settings_files=off --write_settings_files=off projeto_alf -c projeto_alf
quartus_sta projeto_alf -c projeto_alf
quartus_eda --gen_testbench --tool=modelsim_oem --format=verilog --write_settings_files=off projeto_alf -c projeto_alf --vector_source=C:/intelFPGA_lite/17.1/AProjetos/week3/projeto_alf/Waveform1.vwf --testbench_file=C:/intelFPGA_lite/17.1/AProjetos/week3/projeto_alf/simulation/qsim/Waveform1.vwf.vt
quartus_eda --write_settings_files=off --simulation=on --functional=on --flatten_buses=off --tool=modelsim_oem --format=verilog --output_directory=C:/intelFPGA_lite/17.1/AProjetos/week3/projeto_alf/simulation/qsim/ projeto_alf -c projeto_alf
quartus_eda --gen_testbench --tool=modelsim_oem --format=verilog --write_settings_files=off projeto_alf -c projeto_alf --vector_source=C:/intelFPGA_lite/17.1/AProjetos/week3/projeto_alf/Waveform.vwf --testbench_file=C:/intelFPGA_lite/17.1/AProjetos/week3/projeto_alf/simulation/qsim/Waveform.vwf.vt
quartus_eda --write_settings_files=off --simulation=on --functional=on --flatten_buses=off --tool=modelsim_oem --format=verilog --output_directory=C:/intelFPGA_lite/17.1/AProjetos/week3/projeto_alf/simulation/qsim/ projeto_alf -c projeto_alf
quartus_eda --gen_testbench --tool=modelsim_oem --format=verilog --write_settings_files=off projeto_alf -c projeto_alf --vector_source=C:/intelFPGA_lite/17.1/AProjetos/week3/projeto_alf/Waveform.vwf --testbench_file=C:/intelFPGA_lite/17.1/AProjetos/week3/projeto_alf/simulation/qsim/Waveform.vwf.vt
quartus_eda --write_settings_files=off --simulation=on --functional=on --flatten_buses=off --tool=modelsim_oem --format=verilog --output_directory=C:/intelFPGA_lite/17.1/AProjetos/week3/projeto_alf/simulation/qsim/ projeto_alf -c projeto_alf



